SF:lib\screens\login_screen.dart
DA:10,1
DA:12,1
DA:13,1
DA:25,1
DA:26,2
DA:27,2
DA:29,2
DA:30,1
DA:34,1
DA:35,3
DA:36,3
DA:38,2
DA:39,2
DA:40,1
DA:46,2
DA:47,0
DA:48,0
DA:54,4
DA:55,2
DA:56,1
DA:59,1
DA:60,1
DA:61,1
DA:62,1
DA:66,1
DA:68,0
DA:69,0
DA:74,1
DA:76,1
DA:78,1
DA:79,1
DA:80,1
DA:82,1
DA:84,1
DA:118,1
DA:122,1
DA:127,1
DA:132,1
DA:138,2
DA:139,1
DA:140,1
DA:149,1
DA:151,1
DA:154,1
DA:157,1
DA:159,1
DA:161,0
DA:170,1
LF:48
LH:43
end_of_record
SF:lib\screens\home_screen.dart
DA:9,1
DA:11,1
DA:13,1
DA:15,1
DA:16,1
DA:17,1
DA:18,1
DA:20,1
DA:22,1
DA:25,1
DA:27,1
DA:52,1
DA:54,1
DA:55,1
DA:68,1
DA:71,1
DA:73,1
DA:100,1
DA:103,1
DA:104,1
DA:106,1
DA:107,1
DA:115,1
DA:121,1
DA:127,1
DA:143,1
DA:148,1
DA:151,1
DA:153,1
DA:155,1
DA:156,1
DA:157,1
DA:163,1
DA:164,1
DA:166,1
DA:167,1
DA:176,1
LF:37
LH:37
end_of_record
SF:lib\widgets\custom_button.dart
DA:10,1
DA:17,1
DA:19,1
DA:22,1
DA:23,1
DA:24,1
DA:25,1
DA:27,1
DA:28,1
DA:31,1
DA:32,1
LF:11
LH:11
end_of_record
SF:lib\widgets\phone_container.dart
DA:7,1
DA:12,1
DA:14,1
DA:15,1
DA:18,1
DA:20,1
DA:21,1
DA:25,1
DA:26,1
DA:27,1
DA:33,1
LF:11
LH:11
end_of_record
SF:lib\screens\test_runner_screen.dart
DA:7,1
DA:9,1
DA:11,1
DA:13,1
DA:14,1
DA:15,1
DA:16,1
DA:18,1
DA:20,1
DA:23,1
DA:24,1
DA:53,1
DA:60,1
DA:61,1
DA:85,1
DA:86,1
DA:108,1
DA:115,1
DA:122,1
DA:129,1
DA:146,1
DA:152,1
DA:155,1
DA:157,1
DA:159,1
DA:160,1
DA:161,1
DA:169,1
DA:170,1
DA:172,1
DA:173,1
DA:185,1
DA:187,1
LF:33
LH:33
end_of_record
SF:lib\widgets\custom_input.dart
DA:14,1
DA:24,1
DA:26,1
DA:27,1
DA:28,1
DA:29,1
DA:30,1
DA:31,1
DA:32,1
DA:33,2
DA:35,1
DA:39,1
DA:43,1
DA:47,1
DA:48,1
DA:51,1
DA:52,1
LF:17
LH:17
end_of_record
